[35m[1mConsolidate compiler generated dependencies of target wander_and_avoid[0m
[35m[1mConsolidate compiler generated dependencies of target follower_robot[0m
[ 25%] [32mBuilding CXX object CMakeFiles/wander_and_avoid.dir/src/wander_and_avoid.cpp.o[0m
[ 75%] Built target follower_robot
[01m[K/home/eth/Documents/UJI/Simulation and Midleware/activity_1/wander_and_avoid/wander_and_avoid/src/wander_and_avoid.cpp:[m[K In constructor â€˜[01m[KWanderAndAvoid::WanderAndAvoid()[m[Kâ€™:
[01m[K/home/eth/Documents/UJI/Simulation and Midleware/activity_1/wander_and_avoid/wander_and_avoid/src/wander_and_avoid.cpp:13:50:[m[K [01;31m[Kerror: [m[Kclass â€˜[01m[KWanderAndAvoid[m[Kâ€™ does not have any field named â€˜[01m[Kreverse_counter_[m[Kâ€™
   13 |     WanderAndAvoid() : Node("wander_and_avoid"), [01;31m[Kreverse_counter_[m[K(0)
      |                                                  [01;31m[K^~~~~~~~~~~~~~~~[m[K
gmake[2]: *** [CMakeFiles/wander_and_avoid.dir/build.make:76: CMakeFiles/wander_and_avoid.dir/src/wander_and_avoid.cpp.o] Interrupt
gmake[1]: *** [CMakeFiles/Makefile2:139: CMakeFiles/wander_and_avoid.dir/all] Interrupt
gmake: *** [Makefile:146: all] Interrupt
