[0.063s] Invoking command in '/home/eth/Documents/UJI/Simulation and Midleware/activity_1/wander_and_avoid/build/wander_and_avoid': CMAKE_PREFIX_PATH=${CMAKE_PREFIX_PATH}:/home/eth/ros2_ws/install/teleop_twist_keyboard:/home/eth/ros2_ws/install/rov_practical:/home/eth/ros2_ws/install/ros_tcp_endpoint:/home/eth/ros2_ws/install/opencv_tools:/home/eth/ros2_ws/install/autonomous_rov:/home/eth/bookros2_ws/install/launch_pal:/home/eth/bookros2_ws/install/br2_vff_avoidance_py:/home/eth/bookros2_ws/install/br2_fsm_bumpgo_py_ex_1:/home/eth/bookros2_ws/install/br2_fsm_bumpgo_py:/opt/ros/humble /usr/bin/cmake --build /home/eth/Documents/UJI/Simulation and Midleware/activity_1/wander_and_avoid/build/wander_and_avoid -- -j8 -l8
[0.235s] [35m[1mConsolidate compiler generated dependencies of target wander_and_avoid[0m
[0.242s] [35m[1mConsolidate compiler generated dependencies of target follower_robot[0m
[0.304s] [ 25%] [32mBuilding CXX object CMakeFiles/wander_and_avoid.dir/src/wander_and_avoid.cpp.o[0m
[0.313s] [ 75%] Built target follower_robot
[10.162s] [01m[K/home/eth/Documents/UJI/Simulation and Midleware/activity_1/wander_and_avoid/wander_and_avoid/src/wander_and_avoid.cpp:[m[K In constructor â€˜[01m[KWanderAndAvoid::WanderAndAvoid()[m[Kâ€™:
[10.163s] [01m[K/home/eth/Documents/UJI/Simulation and Midleware/activity_1/wander_and_avoid/wander_and_avoid/src/wander_and_avoid.cpp:13:50:[m[K [01;31m[Kerror: [m[Kclass â€˜[01m[KWanderAndAvoid[m[Kâ€™ does not have any field named â€˜[01m[Kreverse_counter_[m[Kâ€™
[10.163s]    13 |     WanderAndAvoid() : Node("wander_and_avoid"), [01;31m[Kreverse_counter_[m[K(0)
[10.163s]       |                                                  [01;31m[K^~~~~~~~~~~~~~~~[m[K
[10.723s] gmake[2]: *** [CMakeFiles/wander_and_avoid.dir/build.make:76: CMakeFiles/wander_and_avoid.dir/src/wander_and_avoid.cpp.o] Interrupt
[10.724s] gmake[1]: *** [CMakeFiles/Makefile2:139: CMakeFiles/wander_and_avoid.dir/all] Interrupt
[10.724s] gmake: *** [Makefile:146: all] Interrupt
[10.783s] Invoked command in '/home/eth/Documents/UJI/Simulation and Midleware/activity_1/wander_and_avoid/build/wander_and_avoid' returned '-2': CMAKE_PREFIX_PATH=${CMAKE_PREFIX_PATH}:/home/eth/ros2_ws/install/teleop_twist_keyboard:/home/eth/ros2_ws/install/rov_practical:/home/eth/ros2_ws/install/ros_tcp_endpoint:/home/eth/ros2_ws/install/opencv_tools:/home/eth/ros2_ws/install/autonomous_rov:/home/eth/bookros2_ws/install/launch_pal:/home/eth/bookros2_ws/install/br2_vff_avoidance_py:/home/eth/bookros2_ws/install/br2_fsm_bumpgo_py_ex_1:/home/eth/bookros2_ws/install/br2_fsm_bumpgo_py:/opt/ros/humble /usr/bin/cmake --build /home/eth/Documents/UJI/Simulation and Midleware/activity_1/wander_and_avoid/build/wander_and_avoid -- -j8 -l8
